Sun Jun  4 10:31:59 PDT 2023
GNU LilyPond 2.24.1 (running Guile 3.0)
Processing `A-11 - Riff - D.ly'
Parsing...
Interpreting music...
Preprocessing graphical objects...
Finding the ideal number of pages...
Fitting music on 1 page...
Drawing systems...
Converting to `A-11 - Riff - D.pdf'...
Success: compilation successfully completed
GNU LilyPond 2.24.1 (running Guile 3.0)
Processing `Almost Like Being in Love - Ly - Eb with Bass.ly'
Parsing...
Almost Like Being in Love - Ly - Eb with Bass.ly:81:10: error: cannot find file: `Almost Like Being in Love - Ly Core - Bb.ly'
(search path: `/opt/homebrew/Cellar/lilypond/2.24.1/share/lilypond/2.24.1/ly:/opt/homebrew/Cellar/lilypond/2.24.1/share/lilypond/2.24.1/ps:/opt/homebrew/Cellar/lilypond/2.24.1/share/lilypond/2.24.1/scm:/opt/homebrew/Cellar/lilypond/2.24.1/share/lilypond/2.24.1/fonts/otf/:/opt/homebrew/Cellar/lilypond/2.24.1/share/lilypond/2.24.1/fonts/svg/:')
\include 
         "Almost Like Being in Love - Ly Core - Bb.ly"

Note: compilation failed and \version outdated, did you
update input syntax with convert-ly?

  https://lilypond.org/doc/v2.24/Documentation/usage/updating-files-with-convert_002dly

fatal error: failed files: "Almost Like Being in Love - Ly - Eb with Bass.ly"
GNU LilyPond 2.24.1 (running Guile 3.0)
Processing `Buckaroo - Ly - D.ly'
Parsing...
Interpreting music...[8][16][24][32][40]
Preprocessing graphical objects...
Finding the ideal number of pages...
Fitting music on 1 page...
Drawing systems...
Converting to `Buckaroo - Ly - D.pdf'...
Success: compilation successfully completed
GNU LilyPond 2.24.1 (running Guile 3.0)
Processing `Buckaroo Bass - Ly - D.ly'
Parsing...
Interpreting music...[8][16][24][32][40][48][56][64][72][80][88]
Preprocessing graphical objects...
Finding the ideal number of pages...
Fitting music on 1 page...
Drawing systems...
Converting to `Buckaroo Bass - Ly - D.pdf'...
Success: compilation successfully completed
GNU LilyPond 2.24.1 (running Guile 3.0)
Processing `Everything Is Broken Bass - Ly - F.ly'
Parsing...
Everything Is Broken Bass - Ly Core - F.ly:56:20: error: Guile signaled an error for the expression beginning here
      \on-the-fly #
                   not-first-page \fromproperty #'header:title 
Unbound variable: not-first-page
Everything Is Broken Bass - Ly Core - F.ly:56:19: error: wrong type for argument 1.  Expecting procedure, found #<unspecified>
      \on-the-fly 
                  #not-first-page \fromproperty #'header:title 
ERROR: In procedure ly:parse-file:
In procedure reverse!: Wrong type argument in position 1: (#<unspecified> . #f)
GNU LilyPond 2.24.1 (running Guile 3.0)
Processing `Flowers on the Wall - Intro Rhythm - Fsm.ly'
Parsing...
Interpreting music...
Preprocessing graphical objects...
Finding the ideal number of pages...
Fitting music on 1 page...
Drawing systems...
Converting to `Flowers on the Wall - Intro Rhythm - Fsm.pdf'...
Success: compilation successfully completed
GNU LilyPond 2.24.1 (running Guile 3.0)
Processing `Gaby Glide Bass - Ly - F.ly'
Parsing...
Interpreting music...[8][16][24][32][40][48][56][64][72][80][88][96][104]
Preprocessing graphical objects...
Finding the ideal number of pages...
Fitting music on 1 or 2 pages...
Drawing systems...
Converting to `Gaby Glide Bass - Ly - F.pdf'...
Success: compilation successfully completed
GNU LilyPond 2.24.1 (running Guile 3.0)
Processing `Hot Cha - Chords and Bass - Bb.ly'
Parsing...
Interpreting music...[8][16]
Preprocessing graphical objects...
Finding the ideal number of pages...
Fitting music on 1 page...
Drawing systems...
Converting to `Hot Cha - Chords and Bass - Bb.pdf'...
Success: compilation successfully completed
GNU LilyPond 2.24.1 (running Guile 3.0)
Processing `I'll Feel a Whole Lot Better - Chords and Bass - A.ly'
Parsing...
Interpreting music...[8][16][24][32][40][48]
Preprocessing graphical objects...
Finding the ideal number of pages...
Fitting music on 1 page...
Drawing systems...
Converting to `I'll Feel a Whole Lot Better - Chords and Bass - A.pdf'...
Success: compilation successfully completed
GNU LilyPond 2.24.1 (running Guile 3.0)
Processing `I'm an Old Cowhand - Ly - C Cowboy.ly'
Parsing...
Interpreting music...[8][16][24][32][40]
Preprocessing graphical objects...
Finding the ideal number of pages...
Fitting music on 1 page...
Drawing systems...
Converting to `I'm an Old Cowhand - Ly - C Cowboy.pdf'...
Success: compilation successfully completed
GNU LilyPond 2.24.1 (running Guile 3.0)
Processing `I'm an Old Cowhand - Ly - D Cowboy.ly'
Parsing...
Interpreting music...[8][16][24][32][40]
Preprocessing graphical objects...
Finding the ideal number of pages...
Fitting music on 1 page...
Drawing systems...
warning: compressing over-full page by 1.9 staff-spaces
warning: page 1 has been compressed
Converting to `I'm an Old Cowhand - Ly - D Cowboy.pdf'...
Success: compilation successfully completed
GNU LilyPond 2.24.1 (running Guile 3.0)
Processing `I'm an Old Cowhand - Ly - Eb Standard.ly'
Parsing...
Interpreting music...[8][16][24][32][40]
Preprocessing graphical objects...
Finding the ideal number of pages...
Fitting music on 1 or 2 pages...
Drawing systems...
Converting to `I'm an Old Cowhand - Ly - Eb Standard.pdf'...
Success: compilation successfully completed
GNU LilyPond 2.24.1 (running Guile 3.0)
Processing `I've Enjoyed as Much of This as I Can Stand - Chords and Bass - G.ly'
Parsing...
Interpreting music...[8][16][24][32][40][48][56][64]
Preprocessing graphical objects...
Finding the ideal number of pages...
Fitting music on 1 page...
Drawing systems...
Converting to `I've Enjoyed as Much of This as I Can Stand - Chords and Bass - G.pdf'...
Success: compilation successfully completed
GNU LilyPond 2.24.1 (running Guile 3.0)
Processing `Knee Deep in the Blues - Ly - A.ly'
Parsing...
Interpreting music...
Preprocessing graphical objects...
Interpreting music...[8][16][24][32]
Preprocessing graphical objects...
Interpreting music...[8][16][24][32]
Preprocessing graphical objects...
Finding the ideal number of pages...
Fitting music on 1 page...
Drawing systems...
Converting to `Knee Deep in the Blues - Ly - A.pdf'...
Success: compilation successfully completed
GNU LilyPond 2.24.1 (running Guile 3.0)
Processing `Knee Deep in the Blues - Ly - Bb.ly'
Parsing...
Interpreting music...
Preprocessing graphical objects...
Interpreting music...[8][16][24][32]
Preprocessing graphical objects...
Interpreting music...[8][16][24][32]
Preprocessing graphical objects...
Finding the ideal number of pages...
Fitting music on 1 page...
Drawing systems...
Converting to `Knee Deep in the Blues - Ly - Bb.pdf'...
Success: compilation successfully completed
GNU LilyPond 2.24.1 (running Guile 3.0)
Processing `Knee Deep in the Blues - Ly - C.ly'
Parsing...
Interpreting music...
Preprocessing graphical objects...
Interpreting music...[8][16][24][32]
Preprocessing graphical objects...
Interpreting music...[8][16][24][32]
Preprocessing graphical objects...
Finding the ideal number of pages...
Fitting music on 1 page...
Drawing systems...
Converting to `Knee Deep in the Blues - Ly - C.pdf'...
Success: compilation successfully completed
GNU LilyPond 2.24.1 (running Guile 3.0)
Processing `Last Thing I Needed - Ly - C.ly'
Parsing...
Interpreting music...[8][16][24][32][40][48][56][64][72][80][88][96][104]
Preprocessing graphical objects...
Finding the ideal number of pages...
Fitting music on 2 or 3 pages...
Drawing systems...
Converting to `Last Thing I Needed - Ly - C.pdf'...
Success: compilation successfully completed
GNU LilyPond 2.24.1 (running Guile 3.0)
Processing `Last Thing I Needed - Ly - E.ly'
Parsing...
Interpreting music...[8][16][24][32][40][48][56][64][72][80][88][96][104]
Preprocessing graphical objects...
Finding the ideal number of pages...
Fitting music on 2 or 3 pages...
Drawing systems...
Converting to `Last Thing I Needed - Ly - E.pdf'...
Success: compilation successfully completed
GNU LilyPond 2.24.1 (running Guile 3.0)
Processing `My Adobe Hacienda - Ly - C Standard.ly'
Parsing...
Interpreting music...[8][16][24][32]
Preprocessing graphical objects...
Finding the ideal number of pages...
Fitting music on 1 page...
Drawing systems...
Converting to `My Adobe Hacienda - Ly - C Standard.pdf'...
Success: compilation successfully completed
GNU LilyPond 2.24.1 (running Guile 3.0)
Processing `My Adobe Hacienda - Ly - G.ly'
Parsing...
Interpreting music...[8][16][24][32]
Preprocessing graphical objects...
Finding the ideal number of pages...
Fitting music on 1 page...
Drawing systems...
warning: compressing over-full page by 3.4 staff-spaces
warning: page 1 has been compressed
Converting to `My Adobe Hacienda - Ly - G.pdf'...
Success: compilation successfully completed
GNU LilyPond 2.24.1 (running Guile 3.0)
Processing `One for Daddy-O - Ly - Bbm to Cm for Bb.ly'
Parsing...
Interpreting music...[8]
Preprocessing graphical objects...
Interpreting music...
Preprocessing graphical objects...
Finding the ideal number of pages...
Fitting music on 1 page...
Drawing systems...
Converting to `One for Daddy-O - Ly - Bbm to Cm for Bb.pdf'...
Success: compilation successfully completed
GNU LilyPond 2.24.1 (running Guile 3.0)
Processing `One for Daddy-O - Ly - Bbm.ly'
Parsing...
Interpreting music...[8]
Preprocessing graphical objects...
Interpreting music...
Preprocessing graphical objects...
Finding the ideal number of pages...
Fitting music on 1 page...
Drawing systems...
Converting to `One for Daddy-O - Ly - Bbm.pdf'...
Success: compilation successfully completed
GNU LilyPond 2.24.1 (running Guile 3.0)
Processing `Starting A Rumor - Chords and Bass - G.ly'
Parsing...
Interpreting music...[8][16][24][32][40][48][56][64][72][80][88][96][104][112][120][128]
Preprocessing graphical objects...
Finding the ideal number of pages...
Fitting music on 1 or 2 pages...
Drawing systems...
Converting to `Starting A Rumor - Chords and Bass - G.pdf'...
Success: compilation successfully completed
GNU LilyPond 2.24.1 (running Guile 3.0)
Processing `The Bottle Never Lets Me Down - Chords and Bass - Em.ly'
Parsing...
Interpreting music...[8][16][24][32][40][48][56][64][72][80][88][96]
Preprocessing graphical objects...
Finding the ideal number of pages...
Fitting music on 1 page...
Drawing systems...
warning: ragged-bottom was specified, but page must be compressed
warning: page 1 has been compressed
Converting to `The Bottle Never Lets Me Down - Chords and Bass - Em.pdf'...
Success: compilation successfully completed
GNU LilyPond 2.24.1 (running Guile 3.0)
Processing `The Flat Foot Floogie - Ly - F Bass Standard.ly'
Parsing...
Interpreting music...[8]
Preprocessing graphical objects...
Finding the ideal number of pages...
Fitting music on 1 page...
Drawing systems...
Converting to `The Flat Foot Floogie - Ly - F Bass Standard.pdf'...
Success: compilation successfully completed
GNU LilyPond 2.24.1 (running Guile 3.0)
Processing `The Flat Foot Floogie - Ly - F Standard.ly'
Parsing...
Interpreting music...[8]
Preprocessing graphical objects...
Finding the ideal number of pages...
Fitting music on 1 page...
Drawing systems...
Converting to `The Flat Foot Floogie - Ly - F Standard.pdf'...
Success: compilation successfully completed
GNU LilyPond 2.24.1 (running Guile 3.0)
Processing `The Flat Foot Floogie - Ly - F to D for Eb Standard.ly'
Parsing...
Interpreting music...[8]
Preprocessing graphical objects...
Finding the ideal number of pages...
Fitting music on 1 page...
Drawing systems...
Converting to `The Flat Foot Floogie - Ly - F to D for Eb Standard.pdf'...
Success: compilation successfully completed
GNU LilyPond 2.24.1 (running Guile 3.0)
Processing `The Flat Foot Floogie - Ly - F to G for Bb Standard.ly'
Parsing...
Interpreting music...[8]
Preprocessing graphical objects...
Finding the ideal number of pages...
Fitting music on 1 page...
Drawing systems...
Converting to `The Flat Foot Floogie - Ly - F to G for Bb Standard.pdf'...
Success: compilation successfully completed
GNU LilyPond 2.24.1 (running Guile 3.0)
Processing `With a Gun - Ly - Am.ly'
Parsing...
Interpreting music...[8][16][24][32][40][48][56][64]
Preprocessing graphical objects...
Finding the ideal number of pages...
Fitting music on 1 or 2 pages...
Drawing systems...
warning: compressing over-full page by 1.9 staff-spaces
warning: page 1 has been compressed
Converting to `With a Gun - Ly - Am.pdf'...
Success: compilation successfully completed
GNU LilyPond 2.24.1 (running Guile 3.0)
Processing `With a Gun - Ly - Em.ly'
Parsing...
Interpreting music...[8][16][24][32][40][48][56][64]
Preprocessing graphical objects...
Finding the ideal number of pages...
Fitting music on 1 or 2 pages...
Drawing systems...
warning: compressing over-full page by 2.6 staff-spaces
warning: page 1 has been compressed
Converting to `With a Gun - Ly - Em.pdf'...
Success: compilation successfully completed
Sun Jun  4 10:32:17 PDT 2023
